f:\work\九軸轉六軸\1031app\hid_uart-xx\hid_uart-xx\hid_uart\release\hid_uart.pch
f:\work\九軸轉六軸\1031app\hid_uart-xx\hid_uart-xx\hid_uart\release\vc141.pdb
f:\work\九軸轉六軸\1031app\hid_uart-xx\hid_uart-xx\hid_uart\release\stdafx.obj
f:\work\九軸轉六軸\1031app\hid_uart-xx\hid_uart-xx\hid_uart\release\hid_uartdlg.obj
f:\work\九軸轉六軸\1031app\hid_uart-xx\hid_uart-xx\hid_uart\release\hid_uart.obj
f:\work\九軸轉六軸\1031app\hid_uart-xx\hid_uart-xx\release\hid_uart.ipdb
f:\work\九軸轉六軸\1031app\hid_uart-xx\hid_uart-xx\release\hid_uart.iobj
f:\work\九軸轉六軸\1031app\hid_uart-xx\hid_uart-xx\release\hid_uart.exe
f:\work\九軸轉六軸\1031app\hid_uart-xx\hid_uart-xx\release\hid_uart.pdb
f:\work\九軸轉六軸\1031app\hid_uart-xx\hid_uart-xx\hid_uart\release\hid_uart.res
f:\work\九軸轉六軸\1031app\hid_uart-xx\hid_uart-xx\hid_uart\release\hid_uart.tlog\cl.command.1.tlog
f:\work\九軸轉六軸\1031app\hid_uart-xx\hid_uart-xx\hid_uart\release\hid_uart.tlog\cl.read.1.tlog
f:\work\九軸轉六軸\1031app\hid_uart-xx\hid_uart-xx\hid_uart\release\hid_uart.tlog\cl.write.1.tlog
f:\work\九軸轉六軸\1031app\hid_uart-xx\hid_uart-xx\hid_uart\release\hid_uart.tlog\hid_uart.write.1u.tlog
f:\work\九軸轉六軸\1031app\hid_uart-xx\hid_uart-xx\hid_uart\release\hid_uart.tlog\link.command.1.tlog
f:\work\九軸轉六軸\1031app\hid_uart-xx\hid_uart-xx\hid_uart\release\hid_uart.tlog\link.read.1.tlog
f:\work\九軸轉六軸\1031app\hid_uart-xx\hid_uart-xx\hid_uart\release\hid_uart.tlog\link.write.1.tlog
f:\work\九軸轉六軸\1031app\hid_uart-xx\hid_uart-xx\hid_uart\release\hid_uart.tlog\rc.command.1.tlog
f:\work\九軸轉六軸\1031app\hid_uart-xx\hid_uart-xx\hid_uart\release\hid_uart.tlog\rc.read.1.tlog
f:\work\九軸轉六軸\1031app\hid_uart-xx\hid_uart-xx\hid_uart\release\hid_uart.tlog\rc.write.1.tlog
